<?xml version="1.0" encoding="UTF-8"?>
<testng-results ignored="0" total="3" passed="3" failed="0" skipped="0">
  <reporter-output>
  </reporter-output>
  <suite started-at="2024-11-21T22:01:16 IST" name="Suite" finished-at="2024-11-21T22:01:30 IST" duration-ms="14243">
    <groups>
    </groups>
    <test started-at="2024-11-21T22:01:16 IST" name="Test" finished-at="2024-11-21T22:01:30 IST" duration-ms="14243">
      <class name="Login.Logins">
        <test-method signature="setup(java.lang.String)[pri:0, instance:Login.Logins@2b662a77]" started-at="2024-11-21T22:01:16 IST" name="setup" finished-at="2024-11-21T22:01:27 IST" duration-ms="10760" status="PASS">
          <params>
            <param index="0">
              <value>
                <![CDATA[chrome]]>
              </value>
            </param>
          </params>
          <reporter-output>
          </reporter-output>
        </test-method> <!-- setup -->
        <test-method signature="logiin(java.lang.String,java.lang.String)[pri:1, instance:Login.Logins@2b662a77]" started-at="2024-11-21T22:01:27 IST" name="logiin" finished-at="2024-11-21T22:01:30 IST" duration-ms="3418" status="PASS">
          <params>
            <param index="0">
              <value>
                <![CDATA[admin@gmail.com]]>
              </value>
            </param>
            <param index="1">
              <value>
                <![CDATA[123456]]>
              </value>
            </param>
          </params>
          <reporter-output>
          </reporter-output>
        </test-method> <!-- logiin -->
        <test-method signature="checkLoginStatus()[pri:2, instance:Login.Logins@2b662a77]" started-at="2024-11-21T22:01:30 IST" name="checkLoginStatus" finished-at="2024-11-21T22:01:30 IST" duration-ms="5" status="PASS">
          <reporter-output>
          </reporter-output>
        </test-method> <!-- checkLoginStatus -->
      </class> <!-- Login.Logins -->
    </test> <!-- Test -->
  </suite> <!-- Suite -->
</testng-results>
