<?xml version="1.0" encoding="UTF-8"?>
<!-- Generated by org.testng.reporters.JUnitXMLReporter -->
<testsuite ignored="0" hostname="Anubhav" failures="0" tests="4" name="Test" time="24.426" errors="0" timestamp="2024-12-12T20:20:40 IST">
  <testcase classname="Login.Logins" name="setup" time="15.609"/>
  <testcase classname="Login.Logins" name="logiin" time="3.511"/>
  <testcase classname="Login.Logins" name="checkLoginStatus" time="0.003"/>
  <testcase classname="Login.Logins" name="loginfailed" time="5.212"/>
</testsuite> <!-- Test -->
